# JRE version: OpenJDK Runtime Environment Temurin-21.0.8+9 (21.0.8+9) (build 21.0.8+9-LTS)
# Java VM: OpenJDK 64-Bit Server VM Temurin-21.0.8+9 (21.0.8+9-LTS, mixed mode, sharing, tiered, compressed oops, compressed class ptrs, parallel gc, windows-amd64)
GC Precious Log:
 CardTable entry size: 512
 CPUs: 8 total, 8 available
 Memory: 16179M
 Large Page Support: Disabled
 NUMA Support: Disabled
 Compressed Oops: Enabled (32-bit)
 Alignments: Space 512K, Generation 512K, Heap 2M
 Heap Min Capacity: 100M
 Heap Initial Capacity: 100M
 Heap Max Capacity: 2G
 Pre-touch: Disabled
 Parallel Workers: 8
Heap:
 PSYoungGen      total 6656K, used 458K [0x00000000d5580000, 0x00000000d5e80000, 0x0000000100000000)
  eden space 6144K, 3% used [0x00000000d5580000,0x00000000d55ae9b0,0x00000000d5b80000)
  from space 512K, 53% used [0x00000000d5d80000,0x00000000d5dc4010,0x00000000d5e00000)
  to   space 512K, 0% used [0x00000000d5e00000,0x00000000d5e00000,0x00000000d5e80000)
 ParOldGen       total 1216512K, used 167795K [0x0000000080000000, 0x00000000ca400000, 0x00000000d5580000)
  object space 1216512K, 13% used [0x0000000080000000,0x000000008a3dcc58,0x00000000ca400000)
 Metaspace       used 93062K, committed 95040K, reserved 1179648K
  class space    used 10175K, committed 11072K, reserved 1048576K
GC Heap History (20 events):
Event: 15373.105 GC heap before
{Heap before GC invocations=4382 (full 5):
 PSYoungGen      total 5632K, used 5632K [0x00000000d5580000, 0x00000000d6280000, 0x0000000100000000)
  eden space 3072K, 100% used [0x00000000d5580000,0x00000000d5880000,0x00000000d5880000)
  from space 2560K, 100% used [0x00000000d5880000,0x00000000d5b00000,0x00000000d5b00000)
  to   space 4608K, 0% used [0x00000000d5e00000,0x00000000d5e00000,0x00000000d6280000)
 ParOldGen       total 1216512K, used 157396K [0x0000000080000000, 0x00000000ca400000, 0x00000000d5580000)
  object space 1216512K, 12% used [0x0000000080000000,0x00000000899b5330,0x00000000ca400000)
 Metaspace       used 92961K, committed 94976K, reserved 1179648K
  class space    used 10167K, committed 11072K, reserved 1048576K
}
Event: 15373.113 GC heap after
{Heap after GC invocations=4382 (full 5):
 PSYoungGen      total 7680K, used 3168K [0x00000000d5580000, 0x00000000d6180000, 0x0000000100000000)
  eden space 4096K, 0% used [0x00000000d5580000,0x00000000d5580000,0x00000000d5980000)
  from space 3584K, 88% used [0x00000000d5e00000,0x00000000d6118000,0x00000000d6180000)
  to   space 3584K, 0% used [0x00000000d5a80000,0x00000000d5a80000,0x00000000d5e00000)
 ParOldGen       total 1216512K, used 160020K [0x0000000080000000, 0x00000000ca400000, 0x00000000d5580000)
  object space 1216512K, 13% used [0x0000000080000000,0x0000000089c45330,0x00000000ca400000)
 Metaspace       used 92961K, committed 94976K, reserved 1179648K
  class space    used 10167K, committed 11072K, reserved 1048576K
}
Event: 15373.129 GC heap before
{Heap before GC invocations=4383 (full 5):
 PSYoungGen      total 7680K, used 7264K [0x00000000d5580000, 0x00000000d6180000, 0x0000000100000000)
  eden space 4096K, 100% used [0x00000000d5580000,0x00000000d5980000,0x00000000d5980000)
  from space 3584K, 88% used [0x00000000d5e00000,0x00000000d6118000,0x00000000d6180000)
  to   space 3584K, 0% used [0x00000000d5a80000,0x00000000d5a80000,0x00000000d5e00000)
 ParOldGen       total 1216512K, used 160020K [0x0000000080000000, 0x00000000ca400000, 0x00000000d5580000)
  object space 1216512K, 13% used [0x0000000080000000,0x0000000089c45330,0x00000000ca400000)
 Metaspace       used 92961K, committed 94976K, reserved 1179648K
  class space    used 10167K, committed 11072K, reserved 1048576K
}
Event: 15373.139 GC heap after
{Heap after GC invocations=4383 (full 5):
 PSYoungGen      total 8192K, used 2612K [0x00000000d5580000, 0x00000000d6080000, 0x0000000100000000)
  eden space 5120K, 0% used [0x00000000d5580000,0x00000000d5580000,0x00000000d5a80000)
  from space 3072K, 85% used [0x00000000d5a80000,0x00000000d5d0d200,0x00000000d5d80000)
  to   space 3072K, 0% used [0x00000000d5d80000,0x00000000d5d80000,0x00000000d6080000)
 ParOldGen       total 1216512K, used 163124K [0x0000000080000000, 0x00000000ca400000, 0x00000000d5580000)
  object space 1216512K, 13% used [0x0000000080000000,0x0000000089f4d330,0x00000000ca400000)
 Metaspace       used 92961K, committed 94976K, reserved 1179648K
  class space    used 10167K, committed 11072K, reserved 1048576K
}
Event: 15373.150 GC heap before
{Heap before GC invocations=4384 (full 5):
 PSYoungGen      total 8192K, used 7732K [0x00000000d5580000, 0x00000000d6080000, 0x0000000100000000)
  eden space 5120K, 100% used [0x00000000d5580000,0x00000000d5a80000,0x00000000d5a80000)
  from space 3072K, 85% used [0x00000000d5a80000,0x00000000d5d0d200,0x00000000d5d80000)
  to   space 3072K, 0% used [0x00000000d5d80000,0x00000000d5d80000,0x00000000d6080000)
 ParOldGen       total 1216512K, used 163124K [0x0000000080000000, 0x00000000ca400000, 0x00000000d5580000)
  object space 1216512K, 13% used [0x0000000080000000,0x0000000089f4d330,0x00000000ca400000)
 Metaspace       used 92961K, committed 94976K, reserved 1179648K
  class space    used 10167K, committed 11072K, reserved 1048576K
}
Event: 15373.156 GC heap after
{Heap after GC invocations=4384 (full 5):
 PSYoungGen      total 7168K, used 608K [0x00000000d5580000, 0x00000000d5e80000, 0x0000000100000000)
  eden space 6144K, 0% used [0x00000000d5580000,0x00000000d5580000,0x00000000d5b80000)
  from space 1024K, 59% used [0x00000000d5d80000,0x00000000d5e18000,0x00000000d5e80000)
  to   space 1536K, 0% used [0x00000000d5b80000,0x00000000d5b80000,0x00000000d5d00000)
 ParOldGen       total 1216512K, used 165687K [0x0000000080000000, 0x00000000ca400000, 0x00000000d5580000)
  object space 1216512K, 13% used [0x0000000080000000,0x000000008a1cdda8,0x00000000ca400000)
 Metaspace       used 92961K, committed 94976K, reserved 1179648K
  class space    used 10167K, committed 11072K, reserved 1048576K
}
Event: 15373.200 GC heap before
{Heap before GC invocations=4385 (full 5):
 PSYoungGen      total 7168K, used 6752K [0x00000000d5580000, 0x00000000d5e80000, 0x0000000100000000)
  eden space 6144K, 100% used [0x00000000d5580000,0x00000000d5b80000,0x00000000d5b80000)
  from space 1024K, 59% used [0x00000000d5d80000,0x00000000d5e18000,0x00000000d5e80000)
  to   space 1536K, 0% used [0x00000000d5b80000,0x00000000d5b80000,0x00000000d5d00000)
 ParOldGen       total 1216512K, used 165687K [0x0000000080000000, 0x00000000ca400000, 0x00000000d5580000)
  object space 1216512K, 13% used [0x0000000080000000,0x000000008a1cdda8,0x00000000ca400000)
 Metaspace       used 92982K, committed 94976K, reserved 1179648K
  class space    used 10172K, committed 11072K, reserved 1048576K
}
Event: 15373.203 GC heap after
{Heap after GC invocations=4385 (full 5):
 PSYoungGen      total 7680K, used 864K [0x00000000d5580000, 0x00000000d5f00000, 0x0000000100000000)
  eden space 6144K, 0% used [0x00000000d5580000,0x00000000d5580000,0x00000000d5b80000)
  from space 1536K, 56% used [0x00000000d5b80000,0x00000000d5c58020,0x00000000d5d00000)
  to   space 1024K, 0% used [0x00000000d5e00000,0x00000000d5e00000,0x00000000d5f00000)
 ParOldGen       total 1216512K, used 166215K [0x0000000080000000, 0x00000000ca400000, 0x00000000d5580000)
  object space 1216512K, 13% used [0x0000000080000000,0x000000008a251de8,0x00000000ca400000)
 Metaspace       used 92982K, committed 94976K, reserved 1179648K
  class space    used 10172K, committed 11072K, reserved 1048576K
}
Event: 15373.774 GC heap before
{Heap before GC invocations=4386 (full 5):
 PSYoungGen      total 7680K, used 7008K [0x00000000d5580000, 0x00000000d5f00000, 0x0000000100000000)
  eden space 6144K, 100% used [0x00000000d5580000,0x00000000d5b80000,0x00000000d5b80000)
  from space 1536K, 56% used [0x00000000d5b80000,0x00000000d5c58020,0x00000000d5d00000)
  to   space 1024K, 0% used [0x00000000d5e00000,0x00000000d5e00000,0x00000000d5f00000)
 ParOldGen       total 1216512K, used 166215K [0x0000000080000000, 0x00000000ca400000, 0x00000000d5580000)
  object space 1216512K, 13% used [0x0000000080000000,0x000000008a251de8,0x00000000ca400000)
 Metaspace       used 92986K, committed 94976K, reserved 1179648K
  class space    used 10172K, committed 11072K, reserved 1048576K
}
Event: 15373.778 GC heap after
{Heap after GC invocations=4386 (full 5):
 PSYoungGen      total 6656K, used 480K [0x00000000d5580000, 0x00000000d5e80000, 0x0000000100000000)
  eden space 6144K, 0% used [0x00000000d5580000,0x00000000d5580000,0x00000000d5b80000)
  from space 512K, 93% used [0x00000000d5e00000,0x00000000d5e78000,0x00000000d5e80000)
  to   space 1024K, 0% used [0x00000000d5c80000,0x00000000d5c80000,0x00000000d5d80000)
 ParOldGen       total 1216512K, used 166999K [0x0000000080000000, 0x00000000ca400000, 0x00000000d5580000)
  object space 1216512K, 13% used [0x0000000080000000,0x000000008a315e48,0x00000000ca400000)
 Metaspace       used 92986K, committed 94976K, reserved 1179648K
  class space    used 10172K, committed 11072K, reserved 1048576K
}
Event: 15375.277 GC heap before
{Heap before GC invocations=4387 (full 5):
 PSYoungGen      total 6656K, used 6624K [0x00000000d5580000, 0x00000000d5e80000, 0x0000000100000000)
  eden space 6144K, 100% used [0x00000000d5580000,0x00000000d5b80000,0x00000000d5b80000)
  from space 512K, 93% used [0x00000000d5e00000,0x00000000d5e78000,0x00000000d5e80000)
  to   space 1024K, 0% used [0x00000000d5c80000,0x00000000d5c80000,0x00000000d5d80000)
 ParOldGen       total 1216512K, used 166999K [0x0000000080000000, 0x00000000ca400000, 0x00000000d5580000)
  object space 1216512K, 13% used [0x0000000080000000,0x000000008a315e48,0x00000000ca400000)
 Metaspace       used 92986K, committed 94976K, reserved 1179648K
  class space    used 10172K, committed 11072K, reserved 1048576K
}
Event: 15375.290 GC heap after
{Heap after GC invocations=4387 (full 5):
 PSYoungGen      total 7168K, used 192K [0x00000000d5580000, 0x00000000d5e80000, 0x0000000100000000)
  eden space 6144K, 0% used [0x00000000d5580000,0x00000000d5580000,0x00000000d5b80000)
  from space 1024K, 18% used [0x00000000d5c80000,0x00000000d5cb0000,0x00000000d5d80000)
  to   space 512K, 0% used [0x00000000d5e00000,0x00000000d5e00000,0x00000000d5e80000)
 ParOldGen       total 1216512K, used 167378K [0x0000000080000000, 0x00000000ca400000, 0x00000000d5580000)
  object space 1216512K, 13% used [0x0000000080000000,0x000000008a374ba8,0x00000000ca400000)
 Metaspace       used 92986K, committed 94976K, reserved 1179648K
  class space    used 10172K, committed 11072K, reserved 1048576K
}
Event: 16461.944 GC heap before
{Heap before GC invocations=4388 (full 5):
 PSYoungGen      total 7168K, used 6336K [0x00000000d5580000, 0x00000000d5e80000, 0x0000000100000000)
  eden space 6144K, 100% used [0x00000000d5580000,0x00000000d5b80000,0x00000000d5b80000)
  from space 1024K, 18% used [0x00000000d5c80000,0x00000000d5cb0000,0x00000000d5d80000)
  to   space 512K, 0% used [0x00000000d5e00000,0x00000000d5e00000,0x00000000d5e80000)
 ParOldGen       total 1216512K, used 167378K [0x0000000080000000, 0x00000000ca400000, 0x00000000d5580000)
  object space 1216512K, 13% used [0x0000000080000000,0x000000008a374ba8,0x00000000ca400000)
 Metaspace       used 92992K, committed 94976K, reserved 1179648K
  class space    used 10172K, committed 11072K, reserved 1048576K
}
Event: 16462.018 GC heap after
{Heap after GC invocations=4388 (full 5):
 PSYoungGen      total 6656K, used 224K [0x00000000d5580000, 0x00000000d5e80000, 0x0000000100000000)
  eden space 6144K, 0% used [0x00000000d5580000,0x00000000d5580000,0x00000000d5b80000)
  from space 512K, 43% used [0x00000000d5e00000,0x00000000d5e38020,0x00000000d5e80000)
  to   space 512K, 0% used [0x00000000d5d80000,0x00000000d5d80000,0x00000000d5e00000)
 ParOldGen       total 1216512K, used 167378K [0x0000000080000000, 0x00000000ca400000, 0x00000000d5580000)
  object space 1216512K, 13% used [0x0000000080000000,0x000000008a374ba8,0x00000000ca400000)
 Metaspace       used 92992K, committed 94976K, reserved 1179648K
  class space    used 10172K, committed 11072K, reserved 1048576K
}
Event: 16472.155 GC heap before
{Heap before GC invocations=4389 (full 5):
 PSYoungGen      total 6656K, used 6368K [0x00000000d5580000, 0x00000000d5e80000, 0x0000000100000000)
  eden space 6144K, 100% used [0x00000000d5580000,0x00000000d5b80000,0x00000000d5b80000)
  from space 512K, 43% used [0x00000000d5e00000,0x00000000d5e38020,0x00000000d5e80000)
  to   space 512K, 0% used [0x00000000d5d80000,0x00000000d5d80000,0x00000000d5e00000)
 ParOldGen       total 1216512K, used 167378K [0x0000000080000000, 0x00000000ca400000, 0x00000000d5580000)
  object space 1216512K, 13% used [0x0000000080000000,0x000000008a374ba8,0x00000000ca400000)
 Metaspace       used 93009K, committed 94976K, reserved 1179648K
  class space    used 10172K, committed 11072K, reserved 1048576K
}
Event: 16472.156 GC heap after
{Heap after GC invocations=4389 (full 5):
 PSYoungGen      total 6656K, used 336K [0x00000000d5580000, 0x00000000d5e80000, 0x0000000100000000)
  eden space 6144K, 0% used [0x00000000d5580000,0x00000000d5580000,0x00000000d5b80000)
  from space 512K, 65% used [0x00000000d5d80000,0x00000000d5dd4030,0x00000000d5e00000)
  to   space 512K, 0% used [0x00000000d5e00000,0x00000000d5e00000,0x00000000d5e80000)
 ParOldGen       total 1216512K, used 167506K [0x0000000080000000, 0x00000000ca400000, 0x00000000d5580000)
  object space 1216512K, 13% used [0x0000000080000000,0x000000008a394bd8,0x00000000ca400000)
 Metaspace       used 93009K, committed 94976K, reserved 1179648K
  class space    used 10172K, committed 11072K, reserved 1048576K
}
Event: 16480.997 GC heap before
{Heap before GC invocations=4390 (full 5):
 PSYoungGen      total 6656K, used 6478K [0x00000000d5580000, 0x00000000d5e80000, 0x0000000100000000)
  eden space 6144K, 99% used [0x00000000d5580000,0x00000000d5b7f9f0,0x00000000d5b80000)
  from space 512K, 65% used [0x00000000d5d80000,0x00000000d5dd4030,0x00000000d5e00000)
  to   space 512K, 0% used [0x00000000d5e00000,0x00000000d5e00000,0x00000000d5e80000)
 ParOldGen       total 1216512K, used 167506K [0x0000000080000000, 0x00000000ca400000, 0x00000000d5580000)
  object space 1216512K, 13% used [0x0000000080000000,0x000000008a394bd8,0x00000000ca400000)
 Metaspace       used 93040K, committed 95040K, reserved 1179648K
  class space    used 10172K, committed 11072K, reserved 1048576K
}
Event: 16480.999 GC heap after
{Heap after GC invocations=4390 (full 5):
 PSYoungGen      total 6656K, used 224K [0x00000000d5580000, 0x00000000d5e80000, 0x0000000100000000)
  eden space 6144K, 0% used [0x00000000d5580000,0x00000000d5580000,0x00000000d5b80000)
  from space 512K, 43% used [0x00000000d5e00000,0x00000000d5e38000,0x00000000d5e80000)
  to   space 512K, 0% used [0x00000000d5d80000,0x00000000d5d80000,0x00000000d5e00000)
 ParOldGen       total 1216512K, used 167739K [0x0000000080000000, 0x00000000ca400000, 0x00000000d5580000)
  object space 1216512K, 13% used [0x0000000080000000,0x000000008a3cec58,0x00000000ca400000)
 Metaspace       used 93040K, committed 95040K, reserved 1179648K
  class space    used 10172K, committed 11072K, reserved 1048576K
}
Event: 16521.319 GC heap before
{Heap before GC invocations=4391 (full 5):
 PSYoungGen      total 6656K, used 6368K [0x00000000d5580000, 0x00000000d5e80000, 0x0000000100000000)
  eden space 6144K, 100% used [0x00000000d5580000,0x00000000d5b80000,0x00000000d5b80000)
  from space 512K, 43% used [0x00000000d5e00000,0x00000000d5e38000,0x00000000d5e80000)
  to   space 512K, 0% used [0x00000000d5d80000,0x00000000d5d80000,0x00000000d5e00000)
 ParOldGen       total 1216512K, used 167739K [0x0000000080000000, 0x00000000ca400000, 0x00000000d5580000)
  object space 1216512K, 13% used [0x0000000080000000,0x000000008a3cec58,0x00000000ca400000)
 Metaspace       used 93062K, committed 95040K, reserved 1179648K
  class space    used 10175K, committed 11072K, reserved 1048576K
}
Event: 16521.321 GC heap after
{Heap after GC invocations=4391 (full 5):
 PSYoungGen      total 6656K, used 272K [0x00000000d5580000, 0x00000000d5e80000, 0x0000000100000000)
  eden space 6144K, 0% used [0x00000000d5580000,0x00000000d5580000,0x00000000d5b80000)
  from space 512K, 53% used [0x00000000d5d80000,0x00000000d5dc4010,0x00000000d5e00000)
  to   space 512K, 0% used [0x00000000d5e00000,0x00000000d5e00000,0x00000000d5e80000)
 ParOldGen       total 1216512K, used 167795K [0x0000000080000000, 0x00000000ca400000, 0x00000000d5580000)
  object space 1216512K, 13% used [0x0000000080000000,0x000000008a3dcc58,0x00000000ca400000)
 Metaspace       used 93062K, committed 95040K, reserved 1179648K
  class space    used 10175K, committed 11072K, reserved 1048576K
}

